{"C:\\Users\\rakib\\Futureproof-Exercises\\futureproof-secrets\\server.js": {"path":"C:\\Users\\rakib\\Futureproof-Exercises\\futureproof-secrets\\server.js","statementMap":{"0":{"start":{"line":1,"column":16},"end":{"line":1,"column":34}},"1":{"start":{"line":2,"column":12},"end":{"line":2,"column":21}},"2":{"start":{"line":3,"column":13},"end":{"line":3,"column":28}},"3":{"start":{"line":4,"column":13},"end":{"line":4,"column":37}},"4":{"start":{"line":6,"column":0},"end":{"line":6,"column":24}},"5":{"start":{"line":7,"column":0},"end":{"line":7,"column":16}},"6":{"start":{"line":8,"column":0},"end":{"line":10,"column":3}},"7":{"start":{"line":9,"column":2},"end":{"line":9,"column":52}},"8":{"start":{"line":12,"column":22},"end":{"line":12,"column":57}},"9":{"start":{"line":13,"column":0},"end":{"line":13,"column":28}},"10":{"start":{"line":15,"column":0},"end":{"line":15,"column":21}}},"fnMap":{"0":{"name":"(anonymous_0)","decl":{"start":{"line":8,"column":17},"end":{"line":8,"column":18}},"loc":{"start":{"line":8,"column":23},"end":{"line":10,"column":1}},"line":8}},"branchMap":{"0":{"loc":{"start":{"line":4,"column":13},"end":{"line":4,"column":37}},"type":"binary-expr","locations":[{"start":{"line":4,"column":13},"end":{"line":4,"column":29}},{"start":{"line":4,"column":33},"end":{"line":4,"column":37}}],"line":4}},"s":{"0":1,"1":1,"2":1,"3":1,"4":1,"5":1,"6":1,"7":1,"8":1,"9":1,"10":1},"f":{"0":1},"b":{"0":[1,1]},"_coverageSchema":"1a1c01bbd47fc00a2c39e90264f33305004495a9","hash":"f64179c579471d5bc22b6d15645515de72a27406"}
,"C:\\Users\\rakib\\Futureproof-Exercises\\futureproof-secrets\\controllers\\controller.js": {"path":"C:\\Users\\rakib\\Futureproof-Exercises\\futureproof-secrets\\controllers\\controller.js","statementMap":{"0":{"start":{"line":1,"column":16},"end":{"line":1,"column":34}},"1":{"start":{"line":2,"column":15},"end":{"line":2,"column":31}},"2":{"start":{"line":3,"column":13},"end":{"line":3,"column":28}},"3":{"start":{"line":4,"column":14},"end":{"line":4,"column":40}},"4":{"start":{"line":5,"column":12},"end":{"line":5,"column":58}},"5":{"start":{"line":6,"column":11},"end":{"line":6,"column":24}},"6":{"start":{"line":8,"column":0},"end":{"line":12,"column":3}},"7":{"start":{"line":10,"column":14},"end":{"line":10,"column":25}},"8":{"start":{"line":11,"column":2},"end":{"line":11,"column":30}},"9":{"start":{"line":14,"column":0},"end":{"line":33,"column":3}},"10":{"start":{"line":15,"column":2},"end":{"line":32,"column":3}},"11":{"start":{"line":17,"column":16},"end":{"line":17,"column":27}},"12":{"start":{"line":18,"column":17},"end":{"line":18,"column":25}},"13":{"start":{"line":19,"column":4},"end":{"line":21,"column":5}},"14":{"start":{"line":20,"column":6},"end":{"line":20,"column":40}},"15":{"start":{"line":24,"column":20},"end":{"line":24,"column":43}},"16":{"start":{"line":26,"column":4},"end":{"line":26,"column":24}},"17":{"start":{"line":28,"column":4},"end":{"line":28,"column":21}},"18":{"start":{"line":29,"column":4},"end":{"line":29,"column":34}},"19":{"start":{"line":31,"column":4},"end":{"line":31,"column":28}},"20":{"start":{"line":35,"column":0},"end":{"line":48,"column":3}},"21":{"start":{"line":36,"column":13},"end":{"line":36,"column":24}},"22":{"start":{"line":37,"column":15},"end":{"line":37,"column":23}},"23":{"start":{"line":38,"column":2},"end":{"line":40,"column":3}},"24":{"start":{"line":39,"column":4},"end":{"line":39,"column":27}},"25":{"start":{"line":43,"column":17},"end":{"line":43,"column":61}},"26":{"start":{"line":43,"column":42},"end":{"line":43,"column":60}},"27":{"start":{"line":44,"column":12},"end":{"line":44,"column":24}},"28":{"start":{"line":45,"column":2},"end":{"line":45,"column":35}},"29":{"start":{"line":46,"column":2},"end":{"line":46,"column":55}},"30":{"start":{"line":47,"column":2},"end":{"line":47,"column":39}},"31":{"start":{"line":52,"column":2},"end":{"line":52,"column":56}},"32":{"start":{"line":56,"column":2},"end":{"line":62,"column":3}},"33":{"start":{"line":58,"column":19},"end":{"line":58,"column":48}},"34":{"start":{"line":59,"column":4},"end":{"line":59,"column":30}},"35":{"start":{"line":61,"column":4},"end":{"line":61,"column":14}},"36":{"start":{"line":65,"column":0},"end":{"line":73,"column":3}},"37":{"start":{"line":66,"column":14},"end":{"line":66,"column":25}},"38":{"start":{"line":67,"column":15},"end":{"line":67,"column":23}},"39":{"start":{"line":68,"column":16},"end":{"line":68,"column":56}},"40":{"start":{"line":68,"column":37},"end":{"line":68,"column":55}},"41":{"start":{"line":69,"column":2},"end":{"line":69,"column":54}},"42":{"start":{"line":70,"column":2},"end":{"line":70,"column":31}},"43":{"start":{"line":71,"column":2},"end":{"line":71,"column":19}},"44":{"start":{"line":72,"column":2},"end":{"line":72,"column":32}},"45":{"start":{"line":75,"column":0},"end":{"line":75,"column":24}}},"fnMap":{"0":{"name":"(anonymous_0)","decl":{"start":{"line":8,"column":16},"end":{"line":8,"column":17}},"loc":{"start":{"line":8,"column":30},"end":{"line":12,"column":1}},"line":8},"1":{"name":"(anonymous_1)","decl":{"start":{"line":14,"column":23},"end":{"line":14,"column":24}},"loc":{"start":{"line":14,"column":37},"end":{"line":33,"column":1}},"line":14},"2":{"name":"(anonymous_2)","decl":{"start":{"line":35,"column":24},"end":{"line":35,"column":25}},"loc":{"start":{"line":35,"column":38},"end":{"line":48,"column":1}},"line":35},"3":{"name":"(anonymous_3)","decl":{"start":{"line":43,"column":32},"end":{"line":43,"column":33}},"loc":{"start":{"line":43,"column":42},"end":{"line":43,"column":60}},"line":43},"4":{"name":"savePosts","decl":{"start":{"line":50,"column":9},"end":{"line":50,"column":18}},"loc":{"start":{"line":50,"column":26},"end":{"line":53,"column":1}},"line":50},"5":{"name":"loadPosts","decl":{"start":{"line":55,"column":9},"end":{"line":55,"column":18}},"loc":{"start":{"line":55,"column":21},"end":{"line":63,"column":1}},"line":55},"6":{"name":"(anonymous_6)","decl":{"start":{"line":65,"column":20},"end":{"line":65,"column":21}},"loc":{"start":{"line":65,"column":34},"end":{"line":73,"column":1}},"line":65},"7":{"name":"(anonymous_7)","decl":{"start":{"line":68,"column":27},"end":{"line":68,"column":28}},"loc":{"start":{"line":68,"column":37},"end":{"line":68,"column":55}},"line":68}},"branchMap":{"0":{"loc":{"start":{"line":19,"column":4},"end":{"line":21,"column":5}},"type":"if","locations":[{"start":{"line":19,"column":4},"end":{"line":21,"column":5}},{"start":{},"end":{}}],"line":19},"1":{"loc":{"start":{"line":38,"column":2},"end":{"line":40,"column":3}},"type":"if","locations":[{"start":{"line":38,"column":2},"end":{"line":40,"column":3}},{"start":{},"end":{}}],"line":38}},"s":{"0":1,"1":1,"2":1,"3":1,"4":1,"5":1,"6":1,"7":1,"8":1,"9":1,"10":3,"11":3,"12":3,"13":3,"14":1,"15":2,"16":2,"17":2,"18":2,"19":1,"20":1,"21":3,"22":3,"23":3,"24":1,"25":3,"26":3,"27":3,"28":3,"29":3,"30":3,"31":3,"32":8,"33":8,"34":8,"35":2,"36":1,"37":1,"38":1,"39":1,"40":1,"41":1,"42":1,"43":1,"44":1,"45":1},"f":{"0":1,"1":3,"2":3,"3":3,"4":3,"5":8,"6":1,"7":1},"b":{"0":[1,2],"1":[1,2]},"_coverageSchema":"1a1c01bbd47fc00a2c39e90264f33305004495a9","hash":"4f26fe791c247a14303c02c248a77c7e4bbf1d60"}
,"C:\\Users\\rakib\\Futureproof-Exercises\\futureproof-secrets\\models\\model.js": {"path":"C:\\Users\\rakib\\Futureproof-Exercises\\futureproof-secrets\\models\\model.js","statementMap":{"0":{"start":{"line":1,"column":9},"end":{"line":1,"column":22}},"1":{"start":{"line":2,"column":13},"end":{"line":2,"column":28}},"2":{"start":{"line":6,"column":4},"end":{"line":6,"column":22}},"3":{"start":{"line":7,"column":4},"end":{"line":7,"column":28}},"4":{"start":{"line":8,"column":4},"end":{"line":8,"column":32}},"5":{"start":{"line":9,"column":4},"end":{"line":9,"column":28}},"6":{"start":{"line":10,"column":4},"end":{"line":10,"column":31}},"7":{"start":{"line":11,"column":4},"end":{"line":11,"column":31}},"8":{"start":{"line":12,"column":4},"end":{"line":12,"column":31}},"9":{"start":{"line":13,"column":4},"end":{"line":13,"column":22}},"10":{"start":{"line":17,"column":16},"end":{"line":17,"column":17}},"11":{"start":{"line":18,"column":16},"end":{"line":18,"column":62}},"12":{"start":{"line":19,"column":17},"end":{"line":19,"column":37}},"13":{"start":{"line":20,"column":4},"end":{"line":43,"column":5}},"14":{"start":{"line":22,"column":6},"end":{"line":22,"column":34}},"15":{"start":{"line":26,"column":18},"end":{"line":26,"column":34}},"16":{"start":{"line":27,"column":20},"end":{"line":27,"column":38}},"17":{"start":{"line":28,"column":18},"end":{"line":28,"column":34}},"18":{"start":{"line":29,"column":17},"end":{"line":29,"column":32}},"19":{"start":{"line":30,"column":17},"end":{"line":30,"column":32}},"20":{"start":{"line":31,"column":17},"end":{"line":31,"column":32}},"21":{"start":{"line":32,"column":22},"end":{"line":40,"column":8}},"22":{"start":{"line":42,"column":6},"end":{"line":42,"column":21}},"23":{"start":{"line":45,"column":4},"end":{"line":47,"column":5}},"24":{"start":{"line":46,"column":6},"end":{"line":46,"column":14}},"25":{"start":{"line":48,"column":4},"end":{"line":48,"column":12}},"26":{"start":{"line":49,"column":20},"end":{"line":49,"column":58}},"27":{"start":{"line":50,"column":4},"end":{"line":50,"column":19}},"28":{"start":{"line":54,"column":0},"end":{"line":54,"column":26}}},"fnMap":{"0":{"name":"(anonymous_0)","decl":{"start":{"line":5,"column":2},"end":{"line":5,"column":3}},"loc":{"start":{"line":5,"column":20},"end":{"line":14,"column":3}},"line":5},"1":{"name":"(anonymous_1)","decl":{"start":{"line":16,"column":2},"end":{"line":16,"column":3}},"loc":{"start":{"line":16,"column":28},"end":{"line":51,"column":3}},"line":16}},"branchMap":{"0":{"loc":{"start":{"line":10,"column":16},"end":{"line":10,"column":30}},"type":"binary-expr","locations":[{"start":{"line":10,"column":16},"end":{"line":10,"column":25}},{"start":{"line":10,"column":29},"end":{"line":10,"column":30}}],"line":10},"1":{"loc":{"start":{"line":11,"column":16},"end":{"line":11,"column":30}},"type":"binary-expr","locations":[{"start":{"line":11,"column":16},"end":{"line":11,"column":25}},{"start":{"line":11,"column":29},"end":{"line":11,"column":30}}],"line":11},"2":{"loc":{"start":{"line":12,"column":16},"end":{"line":12,"column":30}},"type":"binary-expr","locations":[{"start":{"line":12,"column":16},"end":{"line":12,"column":25}},{"start":{"line":12,"column":29},"end":{"line":12,"column":30}}],"line":12}},"s":{"0":1,"1":1,"2":2,"3":2,"4":2,"5":2,"6":2,"7":2,"8":2,"9":2,"10":2,"11":2,"12":2,"13":2,"14":2,"15":1,"16":1,"17":1,"18":1,"19":1,"20":1,"21":1,"22":1,"23":1,"24":1,"25":1,"26":1,"27":1,"28":1},"f":{"0":2,"1":2},"b":{"0":[2,2],"1":[2,2],"2":[2,2]},"_coverageSchema":"1a1c01bbd47fc00a2c39e90264f33305004495a9","hash":"67fe9601a34e1bc2b87ce912c07eb938dadd1252"}
}
