{"C:\\Users\\rakib\\Futureproof-Exercises\\rook-jounral-app\\server\\server.js": {"path":"C:\\Users\\rakib\\Futureproof-Exercises\\rook-jounral-app\\server\\server.js","statementMap":{"0":{"start":{"line":1,"column":16},"end":{"line":1,"column":34}},"1":{"start":{"line":2,"column":12},"end":{"line":2,"column":21}},"2":{"start":{"line":3,"column":13},"end":{"line":3,"column":28}},"3":{"start":{"line":4,"column":13},"end":{"line":4,"column":17}},"4":{"start":{"line":6,"column":0},"end":{"line":6,"column":24}},"5":{"start":{"line":7,"column":0},"end":{"line":7,"column":16}},"6":{"start":{"line":8,"column":0},"end":{"line":10,"column":3}},"7":{"start":{"line":9,"column":2},"end":{"line":9,"column":52}},"8":{"start":{"line":12,"column":22},"end":{"line":12,"column":57}},"9":{"start":{"line":13,"column":0},"end":{"line":13,"column":28}},"10":{"start":{"line":15,"column":0},"end":{"line":15,"column":21}}},"fnMap":{"0":{"name":"(anonymous_0)","decl":{"start":{"line":8,"column":17},"end":{"line":8,"column":18}},"loc":{"start":{"line":8,"column":23},"end":{"line":10,"column":1}},"line":8}},"branchMap":{},"s":{"0":1,"1":1,"2":1,"3":1,"4":1,"5":1,"6":1,"7":1,"8":1,"9":1,"10":1},"f":{"0":1},"b":{},"_coverageSchema":"1a1c01bbd47fc00a2c39e90264f33305004495a9","hash":"1bb06ac9b136b83ac65c94317a8748db3ff850f9"}
,"C:\\Users\\rakib\\Futureproof-Exercises\\rook-jounral-app\\server\\controllers\\controller.js": {"path":"C:\\Users\\rakib\\Futureproof-Exercises\\rook-jounral-app\\server\\controllers\\controller.js","statementMap":{"0":{"start":{"line":1,"column":16},"end":{"line":1,"column":34}},"1":{"start":{"line":2,"column":15},"end":{"line":2,"column":31}},"2":{"start":{"line":3,"column":13},"end":{"line":3,"column":28}},"3":{"start":{"line":4,"column":14},"end":{"line":4,"column":40}},"4":{"start":{"line":5,"column":12},"end":{"line":5,"column":58}},"5":{"start":{"line":6,"column":12},"end":{"line":6,"column":62}},"6":{"start":{"line":7,"column":11},"end":{"line":7,"column":24}},"7":{"start":{"line":9,"column":0},"end":{"line":12,"column":3}},"8":{"start":{"line":10,"column":14},"end":{"line":10,"column":25}},"9":{"start":{"line":11,"column":2},"end":{"line":11,"column":30}},"10":{"start":{"line":14,"column":0},"end":{"line":25,"column":3}},"11":{"start":{"line":15,"column":2},"end":{"line":24,"column":3}},"12":{"start":{"line":16,"column":16},"end":{"line":16,"column":27}},"13":{"start":{"line":17,"column":17},"end":{"line":17,"column":25}},"14":{"start":{"line":18,"column":20},"end":{"line":18,"column":43}},"15":{"start":{"line":19,"column":4},"end":{"line":19,"column":24}},"16":{"start":{"line":20,"column":4},"end":{"line":20,"column":21}},"17":{"start":{"line":21,"column":4},"end":{"line":21,"column":34}},"18":{"start":{"line":23,"column":4},"end":{"line":23,"column":27}},"19":{"start":{"line":27,"column":0},"end":{"line":35,"column":3}},"20":{"start":{"line":28,"column":17},"end":{"line":28,"column":31}},"21":{"start":{"line":29,"column":17},"end":{"line":29,"column":74}},"22":{"start":{"line":29,"column":46},"end":{"line":29,"column":73}},"23":{"start":{"line":30,"column":2},"end":{"line":34,"column":3}},"24":{"start":{"line":31,"column":4},"end":{"line":31,"column":27}},"25":{"start":{"line":33,"column":4},"end":{"line":33,"column":35}},"26":{"start":{"line":37,"column":0},"end":{"line":58,"column":3}},"27":{"start":{"line":38,"column":16},"end":{"line":38,"column":30}},"28":{"start":{"line":39,"column":15},"end":{"line":39,"column":23}},"29":{"start":{"line":41,"column":14},"end":{"line":41,"column":56}},"30":{"start":{"line":41,"column":37},"end":{"line":41,"column":55}},"31":{"start":{"line":42,"column":2},"end":{"line":42,"column":21}},"32":{"start":{"line":43,"column":2},"end":{"line":57,"column":3}},"33":{"start":{"line":44,"column":20},"end":{"line":44,"column":47}},"34":{"start":{"line":45,"column":4},"end":{"line":45,"column":26}},"35":{"start":{"line":46,"column":4},"end":{"line":46,"column":60}},"36":{"start":{"line":47,"column":4},"end":{"line":47,"column":34}},"37":{"start":{"line":49,"column":12},"end":{"line":49,"column":45}},"38":{"start":{"line":50,"column":14},"end":{"line":50,"column":40}},"39":{"start":{"line":51,"column":14},"end":{"line":51,"column":37}},"40":{"start":{"line":52,"column":19},"end":{"line":52,"column":66}},"41":{"start":{"line":52,"column":47},"end":{"line":52,"column":65}},"42":{"start":{"line":53,"column":4},"end":{"line":53,"column":38}},"43":{"start":{"line":54,"column":4},"end":{"line":54,"column":30}},"44":{"start":{"line":55,"column":4},"end":{"line":55,"column":60}},"45":{"start":{"line":56,"column":4},"end":{"line":56,"column":44}},"46":{"start":{"line":61,"column":2},"end":{"line":61,"column":56}},"47":{"start":{"line":65,"column":2},"end":{"line":70,"column":3}},"48":{"start":{"line":66,"column":19},"end":{"line":66,"column":48}},"49":{"start":{"line":67,"column":4},"end":{"line":67,"column":30}},"50":{"start":{"line":69,"column":4},"end":{"line":69,"column":14}},"51":{"start":{"line":73,"column":2},"end":{"line":78,"column":3}},"52":{"start":{"line":74,"column":19},"end":{"line":74,"column":48}},"53":{"start":{"line":75,"column":4},"end":{"line":75,"column":30}},"54":{"start":{"line":77,"column":4},"end":{"line":77,"column":14}},"55":{"start":{"line":81,"column":0},"end":{"line":90,"column":3}},"56":{"start":{"line":82,"column":14},"end":{"line":82,"column":25}},"57":{"start":{"line":83,"column":15},"end":{"line":83,"column":23}},"58":{"start":{"line":84,"column":16},"end":{"line":84,"column":56}},"59":{"start":{"line":84,"column":37},"end":{"line":84,"column":55}},"60":{"start":{"line":85,"column":2},"end":{"line":85,"column":23}},"61":{"start":{"line":86,"column":2},"end":{"line":86,"column":54}},"62":{"start":{"line":87,"column":2},"end":{"line":87,"column":31}},"63":{"start":{"line":88,"column":2},"end":{"line":88,"column":19}},"64":{"start":{"line":89,"column":2},"end":{"line":89,"column":32}},"65":{"start":{"line":92,"column":0},"end":{"line":92,"column":24}}},"fnMap":{"0":{"name":"(anonymous_0)","decl":{"start":{"line":9,"column":16},"end":{"line":9,"column":17}},"loc":{"start":{"line":9,"column":30},"end":{"line":12,"column":1}},"line":9},"1":{"name":"(anonymous_1)","decl":{"start":{"line":14,"column":23},"end":{"line":14,"column":24}},"loc":{"start":{"line":14,"column":37},"end":{"line":25,"column":1}},"line":14},"2":{"name":"(anonymous_2)","decl":{"start":{"line":27,"column":27},"end":{"line":27,"column":28}},"loc":{"start":{"line":27,"column":41},"end":{"line":35,"column":1}},"line":27},"3":{"name":"(anonymous_3)","decl":{"start":{"line":29,"column":33},"end":{"line":29,"column":34}},"loc":{"start":{"line":29,"column":46},"end":{"line":29,"column":73}},"line":29},"4":{"name":"(anonymous_4)","decl":{"start":{"line":37,"column":24},"end":{"line":37,"column":25}},"loc":{"start":{"line":37,"column":38},"end":{"line":58,"column":1}},"line":37},"5":{"name":"(anonymous_5)","decl":{"start":{"line":41,"column":27},"end":{"line":41,"column":28}},"loc":{"start":{"line":41,"column":37},"end":{"line":41,"column":55}},"line":41},"6":{"name":"(anonymous_6)","decl":{"start":{"line":52,"column":37},"end":{"line":52,"column":38}},"loc":{"start":{"line":52,"column":47},"end":{"line":52,"column":65}},"line":52},"7":{"name":"savePosts","decl":{"start":{"line":60,"column":9},"end":{"line":60,"column":18}},"loc":{"start":{"line":60,"column":26},"end":{"line":62,"column":1}},"line":60},"8":{"name":"loadPosts","decl":{"start":{"line":64,"column":9},"end":{"line":64,"column":18}},"loc":{"start":{"line":64,"column":21},"end":{"line":71,"column":1}},"line":64},"9":{"name":"loadComments","decl":{"start":{"line":72,"column":9},"end":{"line":72,"column":21}},"loc":{"start":{"line":72,"column":24},"end":{"line":79,"column":1}},"line":72},"10":{"name":"(anonymous_10)","decl":{"start":{"line":81,"column":20},"end":{"line":81,"column":21}},"loc":{"start":{"line":81,"column":34},"end":{"line":90,"column":1}},"line":81},"11":{"name":"(anonymous_11)","decl":{"start":{"line":84,"column":27},"end":{"line":84,"column":28}},"loc":{"start":{"line":84,"column":37},"end":{"line":84,"column":55}},"line":84}},"branchMap":{"0":{"loc":{"start":{"line":30,"column":2},"end":{"line":34,"column":3}},"type":"if","locations":[{"start":{"line":30,"column":2},"end":{"line":34,"column":3}},{"start":{"line":32,"column":9},"end":{"line":34,"column":3}}],"line":30},"1":{"loc":{"start":{"line":43,"column":2},"end":{"line":57,"column":3}},"type":"if","locations":[{"start":{"line":43,"column":2},"end":{"line":57,"column":3}},{"start":{"line":48,"column":9},"end":{"line":57,"column":3}}],"line":43}},"s":{"0":1,"1":1,"2":1,"3":1,"4":1,"5":1,"6":1,"7":1,"8":1,"9":1,"10":1,"11":1,"12":1,"13":1,"14":1,"15":1,"16":1,"17":1,"18":0,"19":1,"20":2,"21":2,"22":1,"23":2,"24":1,"25":1,"26":1,"27":2,"28":2,"29":2,"30":1,"31":2,"32":2,"33":1,"34":1,"35":1,"36":1,"37":1,"38":1,"39":1,"40":1,"41":1,"42":1,"43":1,"44":1,"45":1,"46":1,"47":2,"48":2,"49":2,"50":2,"51":4,"52":4,"53":4,"54":2,"55":1,"56":0,"57":0,"58":0,"59":0,"60":0,"61":0,"62":0,"63":0,"64":0,"65":1},"f":{"0":1,"1":1,"2":2,"3":1,"4":2,"5":1,"6":1,"7":1,"8":2,"9":4,"10":0,"11":0},"b":{"0":[1,1],"1":[1,1]},"_coverageSchema":"1a1c01bbd47fc00a2c39e90264f33305004495a9","hash":"63058fbd74d97d546691f2b51da88ab7f737bd4f"}
,"C:\\Users\\rakib\\Futureproof-Exercises\\rook-jounral-app\\server\\models\\model.js": {"path":"C:\\Users\\rakib\\Futureproof-Exercises\\rook-jounral-app\\server\\models\\model.js","statementMap":{"0":{"start":{"line":1,"column":9},"end":{"line":1,"column":22}},"1":{"start":{"line":2,"column":13},"end":{"line":2,"column":28}},"2":{"start":{"line":7,"column":4},"end":{"line":7,"column":22}},"3":{"start":{"line":8,"column":4},"end":{"line":8,"column":28}},"4":{"start":{"line":9,"column":4},"end":{"line":9,"column":32}},"5":{"start":{"line":10,"column":4},"end":{"line":10,"column":28}},"6":{"start":{"line":11,"column":4},"end":{"line":11,"column":31}},"7":{"start":{"line":12,"column":4},"end":{"line":12,"column":31}},"8":{"start":{"line":13,"column":4},"end":{"line":13,"column":31}},"9":{"start":{"line":17,"column":16},"end":{"line":17,"column":17}},"10":{"start":{"line":18,"column":16},"end":{"line":18,"column":62}},"11":{"start":{"line":19,"column":17},"end":{"line":19,"column":37}},"12":{"start":{"line":20,"column":4},"end":{"line":25,"column":5}},"13":{"start":{"line":21,"column":6},"end":{"line":21,"column":34}},"14":{"start":{"line":23,"column":22},"end":{"line":23,"column":56}},"15":{"start":{"line":24,"column":6},"end":{"line":24,"column":21}},"16":{"start":{"line":26,"column":4},"end":{"line":28,"column":5}},"17":{"start":{"line":27,"column":6},"end":{"line":27,"column":14}},"18":{"start":{"line":29,"column":4},"end":{"line":29,"column":12}},"19":{"start":{"line":30,"column":20},"end":{"line":30,"column":58}},"20":{"start":{"line":31,"column":4},"end":{"line":31,"column":19}},"21":{"start":{"line":37,"column":4},"end":{"line":37,"column":17}},"22":{"start":{"line":38,"column":4},"end":{"line":38,"column":37}},"23":{"start":{"line":42,"column":23},"end":{"line":42,"column":58}},"24":{"start":{"line":43,"column":4},"end":{"line":43,"column":22}},"25":{"start":{"line":47,"column":0},"end":{"line":47,"column":36}}},"fnMap":{"0":{"name":"(anonymous_0)","decl":{"start":{"line":6,"column":2},"end":{"line":6,"column":3}},"loc":{"start":{"line":6,"column":20},"end":{"line":14,"column":3}},"line":6},"1":{"name":"(anonymous_1)","decl":{"start":{"line":16,"column":2},"end":{"line":16,"column":3}},"loc":{"start":{"line":16,"column":28},"end":{"line":32,"column":3}},"line":16},"2":{"name":"(anonymous_2)","decl":{"start":{"line":36,"column":2},"end":{"line":36,"column":3}},"loc":{"start":{"line":36,"column":27},"end":{"line":39,"column":3}},"line":36},"3":{"name":"(anonymous_3)","decl":{"start":{"line":41,"column":2},"end":{"line":41,"column":3}},"loc":{"start":{"line":41,"column":22},"end":{"line":44,"column":3}},"line":41}},"branchMap":{"0":{"loc":{"start":{"line":11,"column":16},"end":{"line":11,"column":30}},"type":"binary-expr","locations":[{"start":{"line":11,"column":16},"end":{"line":11,"column":25}},{"start":{"line":11,"column":29},"end":{"line":11,"column":30}}],"line":11},"1":{"loc":{"start":{"line":12,"column":16},"end":{"line":12,"column":30}},"type":"binary-expr","locations":[{"start":{"line":12,"column":16},"end":{"line":12,"column":25}},{"start":{"line":12,"column":29},"end":{"line":12,"column":30}}],"line":12},"2":{"loc":{"start":{"line":13,"column":16},"end":{"line":13,"column":30}},"type":"binary-expr","locations":[{"start":{"line":13,"column":16},"end":{"line":13,"column":25}},{"start":{"line":13,"column":29},"end":{"line":13,"column":30}}],"line":13}},"s":{"0":1,"1":1,"2":1,"3":1,"4":1,"5":1,"6":1,"7":1,"8":1,"9":1,"10":1,"11":1,"12":1,"13":1,"14":1,"15":1,"16":0,"17":0,"18":0,"19":0,"20":0,"21":1,"22":1,"23":1,"24":1,"25":1},"f":{"0":1,"1":1,"2":1,"3":1},"b":{"0":[1,1],"1":[1,1],"2":[1,1]},"_coverageSchema":"1a1c01bbd47fc00a2c39e90264f33305004495a9","hash":"dc861b8b0350576fb0c52a8d4fd43b11aa537978"}
}
