TN:
SF:server.js
FN:8,(anonymous_0)
FNF:1
FNH:1
FNDA:1,(anonymous_0)
DA:1,1
DA:2,1
DA:3,1
DA:4,1
DA:6,1
DA:7,1
DA:8,1
DA:9,1
DA:12,1
DA:13,1
DA:15,1
LF:11
LH:11
BRDA:4,0,0,1
BRDA:4,0,1,1
BRF:2
BRH:2
end_of_record
TN:
SF:controllers\controller.js
FN:8,(anonymous_0)
FN:14,(anonymous_1)
FN:35,(anonymous_2)
FN:43,(anonymous_3)
FN:50,savePosts
FN:55,loadPosts
FN:65,(anonymous_6)
FN:68,(anonymous_7)
FNF:8
FNH:8
FNDA:1,(anonymous_0)
FNDA:3,(anonymous_1)
FNDA:3,(anonymous_2)
FNDA:3,(anonymous_3)
FNDA:3,savePosts
FNDA:8,loadPosts
FNDA:1,(anonymous_6)
FNDA:1,(anonymous_7)
DA:1,1
DA:2,1
DA:3,1
DA:4,1
DA:5,1
DA:6,1
DA:8,1
DA:10,1
DA:11,1
DA:14,1
DA:15,3
DA:17,3
DA:18,3
DA:19,3
DA:20,1
DA:24,2
DA:26,2
DA:28,2
DA:29,2
DA:31,1
DA:35,1
DA:36,3
DA:37,3
DA:38,3
DA:39,1
DA:43,3
DA:44,3
DA:45,3
DA:46,3
DA:47,3
DA:52,3
DA:56,8
DA:58,8
DA:59,8
DA:61,2
DA:65,1
DA:66,1
DA:67,1
DA:68,1
DA:69,1
DA:70,1
DA:71,1
DA:72,1
DA:75,1
LF:44
LH:44
BRDA:19,0,0,1
BRDA:19,0,1,2
BRDA:38,1,0,1
BRDA:38,1,1,2
BRF:4
BRH:4
end_of_record
TN:
SF:models\model.js
FN:5,(anonymous_0)
FN:16,(anonymous_1)
FNF:2
FNH:2
FNDA:2,(anonymous_0)
FNDA:2,(anonymous_1)
DA:1,1
DA:2,1
DA:6,2
DA:7,2
DA:8,2
DA:9,2
DA:10,2
DA:11,2
DA:12,2
DA:13,2
DA:17,2
DA:18,2
DA:19,2
DA:20,2
DA:22,2
DA:26,1
DA:27,1
DA:28,1
DA:29,1
DA:30,1
DA:31,1
DA:32,1
DA:42,1
DA:45,1
DA:46,1
DA:48,1
DA:49,1
DA:50,1
DA:54,1
LF:29
LH:29
BRDA:10,0,0,2
BRDA:10,0,1,2
BRDA:11,1,0,2
BRDA:11,1,1,2
BRDA:12,2,0,2
BRDA:12,2,1,2
BRF:6
BRH:6
end_of_record
